<?xml version="1.0" encoding="UTF-8"?>
<testsuite xmlns:xsi="http://www.w3.org/2001/XMLSchema-instance" xsi:noNamespaceSchemaLocation="https://maven.apache.org/surefire/maven-surefire-plugin/xsd/surefire-test-report.xsd" name="TestSuite" time="19.588" tests="2" errors="0" skipped="0" failures="0">
  <properties>
    <property name="sun.desktop" value="windows"/>
    <property name="awt.toolkit" value="sun.awt.windows.WToolkit"/>
    <property name="java.specification.version" value="11"/>
    <property name="sun.cpu.isalist" value="amd64"/>
    <property name="sun.jnu.encoding" value="Cp1252"/>
    <property name="java.class.path" value="C:\Users\qasim.javed\IdeaProjects\Salenium-maven-configuration\target\test-classes;C:\Users\qasim.javed\IdeaProjects\Salenium-maven-configuration\target\classes;C:\Users\qasim.javed\.m2\repository\io\cucumber\cucumber-java\6.10.1\cucumber-java-6.10.1.jar;C:\Users\qasim.javed\.m2\repository\io\cucumber\cucumber-core\6.10.1\cucumber-core-6.10.1.jar;C:\Users\qasim.javed\.m2\repository\io\cucumber\cucumber-gherkin\6.10.1\cucumber-gherkin-6.10.1.jar;C:\Users\qasim.javed\.m2\repository\io\cucumber\cucumber-gherkin-messages\6.10.1\cucumber-gherkin-messages-6.10.1.jar;C:\Users\qasim.javed\.m2\repository\io\cucumber\messages\14.0.1\messages-14.0.1.jar;C:\Users\qasim.javed\.m2\repository\io\cucumber\tag-expressions\3.0.0\tag-expressions-3.0.0.jar;C:\Users\qasim.javed\.m2\repository\io\cucumber\cucumber-expressions\10.3.0\cucumber-expressions-10.3.0.jar;C:\Users\qasim.javed\.m2\repository\io\cucumber\datatable\3.5.0\datatable-3.5.0.jar;C:\Users\qasim.javed\.m2\repository\io\cucumber\cucumber-plugin\6.10.1\cucumber-plugin-6.10.1.jar;C:\Users\qasim.javed\.m2\repository\io\cucumber\docstring\6.10.1\docstring-6.10.1.jar;C:\Users\qasim.javed\.m2\repository\io\cucumber\html-formatter\12.0.0\html-formatter-12.0.0.jar;C:\Users\qasim.javed\.m2\repository\io\cucumber\create-meta\3.0.0\create-meta-3.0.0.jar;C:\Users\qasim.javed\.m2\repository\org\apiguardian\apiguardian-api\1.1.1\apiguardian-api-1.1.1.jar;C:\Users\qasim.javed\.m2\repository\io\cucumber\cucumber-picocontainer\6.10.1\cucumber-picocontainer-6.10.1.jar;C:\Users\qasim.javed\.m2\repository\org\picocontainer\picocontainer\2.15\picocontainer-2.15.jar;C:\Users\qasim.javed\.m2\repository\org\seleniumhq\selenium\selenium-java\3.141.59\selenium-java-3.141.59.jar;C:\Users\qasim.javed\.m2\repository\org\seleniumhq\selenium\selenium-api\3.141.59\selenium-api-3.141.59.jar;C:\Users\qasim.javed\.m2\repository\org\seleniumhq\selenium\selenium-chrome-driver\3.141.59\selenium-chrome-driver-3.141.59.jar;C:\Users\qasim.javed\.m2\repository\org\seleniumhq\selenium\selenium-edge-driver\3.141.59\selenium-edge-driver-3.141.59.jar;C:\Users\qasim.javed\.m2\repository\org\seleniumhq\selenium\selenium-firefox-driver\3.141.59\selenium-firefox-driver-3.141.59.jar;C:\Users\qasim.javed\.m2\repository\org\seleniumhq\selenium\selenium-ie-driver\3.141.59\selenium-ie-driver-3.141.59.jar;C:\Users\qasim.javed\.m2\repository\org\seleniumhq\selenium\selenium-opera-driver\3.141.59\selenium-opera-driver-3.141.59.jar;C:\Users\qasim.javed\.m2\repository\org\seleniumhq\selenium\selenium-remote-driver\3.141.59\selenium-remote-driver-3.141.59.jar;C:\Users\qasim.javed\.m2\repository\org\seleniumhq\selenium\selenium-safari-driver\3.141.59\selenium-safari-driver-3.141.59.jar;C:\Users\qasim.javed\.m2\repository\org\seleniumhq\selenium\selenium-support\3.141.59\selenium-support-3.141.59.jar;C:\Users\qasim.javed\.m2\repository\net\bytebuddy\byte-buddy\1.8.15\byte-buddy-1.8.15.jar;C:\Users\qasim.javed\.m2\repository\org\apache\commons\commons-exec\1.3\commons-exec-1.3.jar;C:\Users\qasim.javed\.m2\repository\com\google\guava\guava\25.0-jre\guava-25.0-jre.jar;C:\Users\qasim.javed\.m2\repository\com\google\code\findbugs\jsr305\1.3.9\jsr305-1.3.9.jar;C:\Users\qasim.javed\.m2\repository\org\checkerframework\checker-compat-qual\2.0.0\checker-compat-qual-2.0.0.jar;C:\Users\qasim.javed\.m2\repository\com\google\errorprone\error_prone_annotations\2.1.3\error_prone_annotations-2.1.3.jar;C:\Users\qasim.javed\.m2\repository\com\google\j2objc\j2objc-annotations\1.1\j2objc-annotations-1.1.jar;C:\Users\qasim.javed\.m2\repository\org\codehaus\mojo\animal-sniffer-annotations\1.14\animal-sniffer-annotations-1.14.jar;C:\Users\qasim.javed\.m2\repository\com\squareup\okhttp3\okhttp\3.11.0\okhttp-3.11.0.jar;C:\Users\qasim.javed\.m2\repository\com\squareup\okio\okio\1.14.0\okio-1.14.0.jar;C:\Users\qasim.javed\.m2\repository\io\cucumber\cucumber-testng\6.10.1\cucumber-testng-6.10.1.jar;C:\Users\qasim.javed\.m2\repository\org\testng\testng\7.4.0\testng-7.4.0.jar;C:\Users\qasim.javed\.m2\repository\com\beust\jcommander\1.78\jcommander-1.78.jar;C:\Users\qasim.javed\.m2\repository\org\webjars\jquery\3.5.1\jquery-3.5.1.jar;C:\Users\qasim.javed\.m2\repository\com\aventstack\extentreports\5.0.7\extentreports-5.0.7.jar;C:\Users\qasim.javed\.m2\repository\io\reactivex\rxjava3\rxjava\3.0.4\rxjava-3.0.4.jar;C:\Users\qasim.javed\.m2\repository\org\reactivestreams\reactive-streams\1.0.3\reactive-streams-1.0.3.jar;C:\Users\qasim.javed\.m2\repository\org\freemarker\freemarker\2.3.30\freemarker-2.3.30.jar;C:\Users\qasim.javed\.m2\repository\org\projectlombok\lombok\1.18.12\lombok-1.18.12.jar;C:\Users\qasim.javed\.m2\repository\com\google\code\gson\gson\2.8.6\gson-2.8.6.jar;"/>
    <property name="java.vm.vendor" value="Oracle Corporation"/>
    <property name="sun.arch.data.model" value="64"/>
    <property name="user.variant" value=""/>
    <property name="java.vendor.url" value="https://openjdk.java.net/"/>
    <property name="user.timezone" value="Asia/Karachi"/>
    <property name="java.vm.specification.version" value="11"/>
    <property name="os.name" value="Windows 10"/>
    <property name="sun.java.launcher" value="SUN_STANDARD"/>
    <property name="user.country" value="US"/>
    <property name="sun.boot.library.path" value="C:\Program Files\Java\jdk-11.0.14\bin"/>
    <property name="sun.java.command" value="C:\Users\QASIM~1.JAV\AppData\Local\Temp\surefire10774573653284304344\surefirebooter15074592593468463395.jar C:\Users\qasim.javed\AppData\Local\Temp\surefire10774573653284304344 2022-04-04T17-52-12_355-jvmRun1 surefire10056818801369601980tmp surefire_014403446877124634674tmp"/>
    <property name="jdk.debug" value="release"/>
    <property name="surefire.test.class.path" value="C:\Users\qasim.javed\IdeaProjects\Salenium-maven-configuration\target\test-classes;C:\Users\qasim.javed\IdeaProjects\Salenium-maven-configuration\target\classes;C:\Users\qasim.javed\.m2\repository\io\cucumber\cucumber-java\6.10.1\cucumber-java-6.10.1.jar;C:\Users\qasim.javed\.m2\repository\io\cucumber\cucumber-core\6.10.1\cucumber-core-6.10.1.jar;C:\Users\qasim.javed\.m2\repository\io\cucumber\cucumber-gherkin\6.10.1\cucumber-gherkin-6.10.1.jar;C:\Users\qasim.javed\.m2\repository\io\cucumber\cucumber-gherkin-messages\6.10.1\cucumber-gherkin-messages-6.10.1.jar;C:\Users\qasim.javed\.m2\repository\io\cucumber\messages\14.0.1\messages-14.0.1.jar;C:\Users\qasim.javed\.m2\repository\io\cucumber\tag-expressions\3.0.0\tag-expressions-3.0.0.jar;C:\Users\qasim.javed\.m2\repository\io\cucumber\cucumber-expressions\10.3.0\cucumber-expressions-10.3.0.jar;C:\Users\qasim.javed\.m2\repository\io\cucumber\datatable\3.5.0\datatable-3.5.0.jar;C:\Users\qasim.javed\.m2\repository\io\cucumber\cucumber-plugin\6.10.1\cucumber-plugin-6.10.1.jar;C:\Users\qasim.javed\.m2\repository\io\cucumber\docstring\6.10.1\docstring-6.10.1.jar;C:\Users\qasim.javed\.m2\repository\io\cucumber\html-formatter\12.0.0\html-formatter-12.0.0.jar;C:\Users\qasim.javed\.m2\repository\io\cucumber\create-meta\3.0.0\create-meta-3.0.0.jar;C:\Users\qasim.javed\.m2\repository\org\apiguardian\apiguardian-api\1.1.1\apiguardian-api-1.1.1.jar;C:\Users\qasim.javed\.m2\repository\io\cucumber\cucumber-picocontainer\6.10.1\cucumber-picocontainer-6.10.1.jar;C:\Users\qasim.javed\.m2\repository\org\picocontainer\picocontainer\2.15\picocontainer-2.15.jar;C:\Users\qasim.javed\.m2\repository\org\seleniumhq\selenium\selenium-java\3.141.59\selenium-java-3.141.59.jar;C:\Users\qasim.javed\.m2\repository\org\seleniumhq\selenium\selenium-api\3.141.59\selenium-api-3.141.59.jar;C:\Users\qasim.javed\.m2\repository\org\seleniumhq\selenium\selenium-chrome-driver\3.141.59\selenium-chrome-driver-3.141.59.jar;C:\Users\qasim.javed\.m2\repository\org\seleniumhq\selenium\selenium-edge-driver\3.141.59\selenium-edge-driver-3.141.59.jar;C:\Users\qasim.javed\.m2\repository\org\seleniumhq\selenium\selenium-firefox-driver\3.141.59\selenium-firefox-driver-3.141.59.jar;C:\Users\qasim.javed\.m2\repository\org\seleniumhq\selenium\selenium-ie-driver\3.141.59\selenium-ie-driver-3.141.59.jar;C:\Users\qasim.javed\.m2\repository\org\seleniumhq\selenium\selenium-opera-driver\3.141.59\selenium-opera-driver-3.141.59.jar;C:\Users\qasim.javed\.m2\repository\org\seleniumhq\selenium\selenium-remote-driver\3.141.59\selenium-remote-driver-3.141.59.jar;C:\Users\qasim.javed\.m2\repository\org\seleniumhq\selenium\selenium-safari-driver\3.141.59\selenium-safari-driver-3.141.59.jar;C:\Users\qasim.javed\.m2\repository\org\seleniumhq\selenium\selenium-support\3.141.59\selenium-support-3.141.59.jar;C:\Users\qasim.javed\.m2\repository\net\bytebuddy\byte-buddy\1.8.15\byte-buddy-1.8.15.jar;C:\Users\qasim.javed\.m2\repository\org\apache\commons\commons-exec\1.3\commons-exec-1.3.jar;C:\Users\qasim.javed\.m2\repository\com\google\guava\guava\25.0-jre\guava-25.0-jre.jar;C:\Users\qasim.javed\.m2\repository\com\google\code\findbugs\jsr305\1.3.9\jsr305-1.3.9.jar;C:\Users\qasim.javed\.m2\repository\org\checkerframework\checker-compat-qual\2.0.0\checker-compat-qual-2.0.0.jar;C:\Users\qasim.javed\.m2\repository\com\google\errorprone\error_prone_annotations\2.1.3\error_prone_annotations-2.1.3.jar;C:\Users\qasim.javed\.m2\repository\com\google\j2objc\j2objc-annotations\1.1\j2objc-annotations-1.1.jar;C:\Users\qasim.javed\.m2\repository\org\codehaus\mojo\animal-sniffer-annotations\1.14\animal-sniffer-annotations-1.14.jar;C:\Users\qasim.javed\.m2\repository\com\squareup\okhttp3\okhttp\3.11.0\okhttp-3.11.0.jar;C:\Users\qasim.javed\.m2\repository\com\squareup\okio\okio\1.14.0\okio-1.14.0.jar;C:\Users\qasim.javed\.m2\repository\io\cucumber\cucumber-testng\6.10.1\cucumber-testng-6.10.1.jar;C:\Users\qasim.javed\.m2\repository\org\testng\testng\7.4.0\testng-7.4.0.jar;C:\Users\qasim.javed\.m2\repository\com\beust\jcommander\1.78\jcommander-1.78.jar;C:\Users\qasim.javed\.m2\repository\org\webjars\jquery\3.5.1\jquery-3.5.1.jar;C:\Users\qasim.javed\.m2\repository\com\aventstack\extentreports\5.0.7\extentreports-5.0.7.jar;C:\Users\qasim.javed\.m2\repository\io\reactivex\rxjava3\rxjava\3.0.4\rxjava-3.0.4.jar;C:\Users\qasim.javed\.m2\repository\org\reactivestreams\reactive-streams\1.0.3\reactive-streams-1.0.3.jar;C:\Users\qasim.javed\.m2\repository\org\freemarker\freemarker\2.3.30\freemarker-2.3.30.jar;C:\Users\qasim.javed\.m2\repository\org\projectlombok\lombok\1.18.12\lombok-1.18.12.jar;C:\Users\qasim.javed\.m2\repository\com\google\code\gson\gson\2.8.6\gson-2.8.6.jar;"/>
    <property name="sun.cpu.endian" value="little"/>
    <property name="user.home" value="C:\Users\qasim.javed"/>
    <property name="user.language" value="en"/>
    <property name="java.specification.vendor" value="Oracle Corporation"/>
    <property name="java.version.date" value="2022-01-18"/>
    <property name="java.home" value="C:\Program Files\Java\jdk-11.0.14"/>
    <property name="file.separator" value="\"/>
    <property name="basedir" value="C:\Users\qasim.javed\IdeaProjects\Salenium-maven-configuration"/>
    <property name="java.vm.compressedOopsMode" value="Zero based"/>
    <property name="line.separator" value="&#10;"/>
    <property name="java.specification.name" value="Java Platform API Specification"/>
    <property name="java.vm.specification.vendor" value="Oracle Corporation"/>
    <property name="java.awt.graphicsenv" value="sun.awt.Win32GraphicsEnvironment"/>
    <property name="surefire.real.class.path" value="C:\Users\QASIM~1.JAV\AppData\Local\Temp\surefire10774573653284304344\surefirebooter15074592593468463395.jar"/>
    <property name="user.script" value=""/>
    <property name="sun.management.compiler" value="HotSpot 64-Bit Tiered Compilers"/>
    <property name="java.runtime.version" value="11.0.14+8-LTS-263"/>
    <property name="user.name" value="qasim.javed"/>
    <property name="path.separator" value=";"/>
    <property name="os.version" value="10.0"/>
    <property name="java.runtime.name" value="Java(TM) SE Runtime Environment"/>
    <property name="file.encoding" value="Cp1252"/>
    <property name="java.vm.name" value="Java HotSpot(TM) 64-Bit Server VM"/>
    <property name="java.vendor.version" value="18.9"/>
    <property name="localRepository" value="C:\Users\qasim.javed\.m2\repository"/>
    <property name="java.vendor.url.bug" value="https://bugreport.java.com/bugreport/"/>
    <property name="java.io.tmpdir" value="C:\Users\QASIM~1.JAV\AppData\Local\Temp\"/>
    <property name="java.version" value="11.0.14"/>
    <property name="user.dir" value="C:\Users\qasim.javed\IdeaProjects\Salenium-maven-configuration"/>
    <property name="os.arch" value="amd64"/>
    <property name="java.vm.specification.name" value="Java Virtual Machine Specification"/>
    <property name="java.awt.printerjob" value="sun.awt.windows.WPrinterJob"/>
    <property name="sun.os.patch.level" value=""/>
    <property name="java.library.path" value="C:\Program Files\Java\jdk-11.0.14\bin;C:\windows\Sun\Java\bin;C:\windows\system32;C:\windows;C:\Program Files\Common Files\Oracle\Java\javapath;C:\windows\system32;C:\windows;C:\windows\System32\Wbem;C:\windows\System32\WindowsPowerShell\v1.0\;C:\windows\System32\OpenSSH\;C:\Program Files\nodejs\;C:\Program Files\Git\cmd;C:\Program Files\Java\jdk-11.0.14\bin;C:\maven\apache-maven-3.8.5\bin;C:\Users\qasim.javed\AppData\Local\Microsoft\WindowsApps;C:\Users\qasim.javed\AppData\Roaming\npm;C:\Users\qasim.javed\AppData\Local\Programs\Microsoft VS Code\bin;."/>
    <property name="java.vendor" value="Oracle Corporation"/>
    <property name="java.vm.info" value="mixed mode"/>
    <property name="java.vm.version" value="11.0.14+8-LTS-263"/>
    <property name="sun.io.unicode.encoding" value="UnicodeLittle"/>
    <property name="java.class.version" value="55.0"/>
  </properties>
  <testcase name="runScenario" classname="Runner.TestRunner" time="11.055"/>
  <testcase name="runScenario" classname="Runner.TestRunner" time="7.311"/>
</testsuite>