<?xml version="1.0" encoding="UTF-8"?>
<!-- Generated by org.testng.reporters.JUnitReportReporter -->
<testsuite hostname="QASIM-JAVED" failures="0" tests="2" name="Runner.TestRunner" time="18.366" errors="0" timestamp="2022-04-04T17:52:32 PKT" skipped="0">
  <testcase classname="Runner.TestRunner" name="runScenario" time="7.311"/>
  <system-out/>
  <testcase classname="Runner.TestRunner" name="runScenario" time="11.055"/>
  <system-out/>
</testsuite> <!-- Runner.TestRunner -->
